app/build/outputs/logs/manifest-merger-debug-report.txt
-- Merging decision tree log ---
manifest
ADDED from src\main\AndroidManifest.xml:2:1-98:12
	package
		ADDED from src\main\AndroidManifest.xml:3:11-40
		INJECTED from src\main\AndroidManifest.xml
		INJECTED from src\main\AndroidManifest.xml
	android:versionName
		ADDED from src\main\AndroidManifest.xml:5:11-36
		INJECTED from src\main\AndroidManifest.xml
		INJECTED from src\main\AndroidManifest.xml
	android:versionCode
		ADDED from src\main\AndroidManifest.xml:4:11-34
		INJECTED from src\main\AndroidManifest.xml
		INJECTED from src\main\AndroidManifest.xml
	xmlns:android
		ADDED from src\main\AndroidManifest.xml:2:11-69
uses-permission#android.permission.INTERNET
ADDED from src\main\AndroidManifest.xml:8:5-66
	android:name
		ADDED from src\main\AndroidManifest.xml:8:22-64
uses-permission#android.permission.READ_EXTERNAL_STORAGE
ADDED from src\main\AndroidManifest.xml:9:5-79
	android:name
		ADDED from src\main\AndroidManifest.xml:9:22-77
uses-permission#android.permission.WRITE_EXTERNAL_STORAGE
ADDED from src\main\AndroidManifest.xml:10:5-80
	android:name
		ADDED from src\main\AndroidManifest.xml:10:22-78
uses-permission#android.permission.MOUNT_UNMOUNT_FILESYSTEMS
ADDED from src\main\AndroidManifest.xml:11:5-83
	android:name
		ADDED from src\main\AndroidManifest.xml:11:22-81
uses-permission#android.permission.ACCESS_NETWORK_STATE
ADDED from src\main\AndroidManifest.xml:12:5-78
	android:name
		ADDED from src\main\AndroidManifest.xml:12:22-76
uses-permission#android.permission.GET_TASKS
ADDED from src\main\AndroidManifest.xml:14:5-67
	android:name
		ADDED from src\main\AndroidManifest.xml:14:22-65
uses-permission#android.permission.ACCESS_WIFI_STATE
ADDED from src\main\AndroidManifest.xml:16:5-75
	android:name
		ADDED from src\main\AndroidManifest.xml:16:22-73
uses-permission#android.permission.CHANGE_WIFI_STATE
ADDED from src\main\AndroidManifest.xml:18:5-75
	android:name
		ADDED from src\main\AndroidManifest.xml:18:22-73
uses-permission#android.permission.READ_PHONE_STATE
ADDED from src\main\AndroidManifest.xml:20:5-74
	android:name
		ADDED from src\main\AndroidManifest.xml:20:22-72
uses-permission#android.permission.MANAGE_ACCOUNTS
ADDED from src\main\AndroidManifest.xml:21:5-73
	android:name
		ADDED from src\main\AndroidManifest.xml:21:22-71
uses-permission#android.permission.GET_ACCOUNTS
ADDED from src\main\AndroidManifest.xml:22:5-70
	android:name
		ADDED from src\main\AndroidManifest.xml:22:22-68
uses-sdk
ADDED from src\main\AndroidManifest.xml:24:5-43
MERGED from [com.android.support:support-v4:24.0.0] AndroidManifest.xml:21:5-23:54
	tools:overrideLibrary
		ADDED from [com.android.support:support-v4:24.0.0] AndroidManifest.xml:23:9-51
	android:targetSdkVersion
		INJECTED from src\main\AndroidManifest.xml
		INJECTED from src\main\AndroidManifest.xml
	android:minSdkVersion
		ADDED from src\main\AndroidManifest.xml:24:15-41
		INJECTED from src\main\AndroidManifest.xml
		INJECTED from src\main\AndroidManifest.xml
application
ADDED from src\main\AndroidManifest.xml:26:5-97:19
MERGED from [com.android.support:support-v4:24.0.0] AndroidManifest.xml:25:5-20
	android:label
		ADDED from src\main\AndroidManifest.xml:27:13-45
	android:icon
		ADDED from src\main\AndroidManifest.xml:28:13-49
	android:theme
		ADDED from src\main\AndroidManifest.xml:30:13-66
	android:name
		ADDED from src\main\AndroidManifest.xml:29:13-39
activity#com.qianfeng.wowsai.activity.MainActivity
ADDED from src\main\AndroidManifest.xml:32:9-41:20
	android:label
		ADDED from src\main\AndroidManifest.xml:34:17-49
	android:launchMode
		ADDED from src\main\AndroidManifest.xml:35:17-48
	android:name
		ADDED from src\main\AndroidManifest.xml:33:17-54
intent-filter#android.intent.action.MAIN+android.intent.category.LAUNCHER
ADDED from src\main\AndroidManifest.xml:37:13-40:29
action#android.intent.action.MAIN
ADDED from src\main\AndroidManifest.xml:38:17-68
	android:name
		ADDED from src\main\AndroidManifest.xml:38:25-66
category#android.intent.category.LAUNCHER
ADDED from src\main\AndroidManifest.xml:39:17-76
	android:name
		ADDED from src\main\AndroidManifest.xml:39:27-74
activity#com.qianfeng.wowsai.activity.course.CourseAllDetailActivity
ADDED from src\main\AndroidManifest.xml:42:9-47:20
	android:name
		ADDED from src\main\AndroidManifest.xml:42:19-74
intent-filter#CourseAllDetail+android.intent.category.DEFAULT
ADDED from src\main\AndroidManifest.xml:43:13-46:29
action#CourseAllDetail
ADDED from src\main\AndroidManifest.xml:44:17-57
	android:name
		ADDED from src\main\AndroidManifest.xml:44:25-55
category#android.intent.category.DEFAULT
ADDED from src\main\AndroidManifest.xml:45:17-75
	android:name
		ADDED from src\main\AndroidManifest.xml:45:27-73
activity#com.qianfeng.wowsai.activity.course.CourseUserDetailActivity
ADDED from src\main\AndroidManifest.xml:48:9-50:20
	android:name
		ADDED from src\main\AndroidManifest.xml:48:19-75
activity#com.qianfeng.wowsai.activity.course.CouorsePicDetailActivity
ADDED from src\main\AndroidManifest.xml:51:9-77
	android:name
		ADDED from src\main\AndroidManifest.xml:51:19-75
activity#com.qianfeng.wowsai.activity.find.FindSearchAct
ADDED from src\main\AndroidManifest.xml:52:9-64
	android:name
		ADDED from src\main\AndroidManifest.xml:52:19-62
activity#com.qianfeng.wowsai.activity.find.DarenActivity
ADDED from src\main\AndroidManifest.xml:53:9-55:20
	android:name
		ADDED from src\main\AndroidManifest.xml:53:19-62
activity#cn.sharesdk.framework.ShareSDKUIShell
ADDED from src\main\AndroidManifest.xml:58:9-71:20
	android:screenOrientation
		ADDED from src\main\AndroidManifest.xml:62:17-53
	android:windowSoftInputMode
		ADDED from src\main\AndroidManifest.xml:63:17-71
	android:configChanges
		ADDED from src\main\AndroidManifest.xml:61:17-78
	android:theme
		ADDED from src\main\AndroidManifest.xml:60:17-76
	android:name
		ADDED from src\main\AndroidManifest.xml:59:17-69
intent-filter#android.intent.action.VIEW+android.intent.category.BROWSABLE+android.intent.category.DEFAULT
ADDED from src\main\AndroidManifest.xml:65:13-70:29
data
ADDED from src\main\AndroidManifest.xml:66:17-58
	android:scheme
		ADDED from src\main\AndroidManifest.xml:66:23-56
action#android.intent.action.VIEW
ADDED from src\main\AndroidManifest.xml:67:17-68
	android:name
		ADDED from src\main\AndroidManifest.xml:67:25-66
category#android.intent.category.BROWSABLE
ADDED from src\main\AndroidManifest.xml:68:17-77
	android:name
		ADDED from src\main\AndroidManifest.xml:68:27-75
activity#cn.sharesdk.demo.wxapi.WXEntryActivity
ADDED from src\main\AndroidManifest.xml:73:9-79:19
	android:screenOrientation
		ADDED from src\main\AndroidManifest.xml:78:17-53
	android:exported
		ADDED from src\main\AndroidManifest.xml:77:17-40
	android:configChanges
		ADDED from src\main\AndroidManifest.xml:76:17-78
	android:theme
		ADDED from src\main\AndroidManifest.xml:75:17-76
	android:name
		ADDED from src\main\AndroidManifest.xml:74:17-70
activity#com.qianfeng.wowsai.activity.rankingList.RankListAct
ADDED from src\main\AndroidManifest.xml:80:9-69
	android:name
		ADDED from src\main\AndroidManifest.xml:80:19-67
activity#com.qianfeng.wowsai.activity.course.EventDetailActivity
ADDED from src\main\AndroidManifest.xml:82:9-87:20
	android:label
		ADDED from src\main\AndroidManifest.xml:84:17-37
	android:name
		ADDED from src\main\AndroidManifest.xml:83:17-68
activity#com.qianfeng.wowsai.activity.find.TopicActivity
ADDED from src\main\AndroidManifest.xml:89:9-64
	android:name
		ADDED from src\main\AndroidManifest.xml:89:19-62
activity#com.qianfeng.wowsai.activity.find.TopicDetailActivity
ADDED from src\main\AndroidManifest.xml:90:9-70
	android:name
		ADDED from src\main\AndroidManifest.xml:90:19-68
activity#com.qianfeng.wowsai.activity.find.CampaignActivity
ADDED from src\main\AndroidManifest.xml:91:9-68
	android:name
		ADDED from src\main\AndroidManifest.xml:91:19-65
activity#com.qianfeng.wowsai.activity.find.CampaignDetailActivity
ADDED from src\main\AndroidManifest.xml:92:9-73
	android:name
		ADDED from src\main\AndroidManifest.xml:92:19-71
activity#com.qianfeng.wowsai.activity.my.LoginAct
ADDED from src\main\AndroidManifest.xml:93:9-57
	android:name
		ADDED from src\main\AndroidManifest.xml:93:19-55
activity#com.qianfeng.wowsai.activity.my.RegisterAct
ADDED from src\main\AndroidManifest.xml:94:9-60
	android:name
		ADDED from src\main\AndroidManifest.xml:94:19-58
activity#com.qianfeng.wowsai.activity.my.MyInfo
ADDED from src\main\AndroidManifest.xml:95:9-55
	android:name
		ADDED from src\main\AndroidManifest.xml:95:19-53